2025-10-21 11:32:31,614 - root - INFO - Logging configured successfully
2025-10-21 11:32:31,614 - app.main - INFO - Starting Edge Impulse Plugin v0.0.1
2025-10-21 11:32:31,615 - app.main - INFO - Environment: development
2025-10-21 11:32:31,615 - app.main - INFO - S3 Endpoint: https://b8e6b402a936cb88ee5b82fce7b5d179.r2.cloudflarestorage.com
2025-10-21 11:32:31,615 - app.main - INFO - S3 Bucket: advantech-test
2025-10-21 11:32:59,223 - app.services.storage - INFO - S3 client initialized - Endpoint: https://b8e6b402a936cb88ee5b82fce7b5d179.r2.cloudflarestorage.com, Bucket: advantech-test
2025-10-21 11:33:13,245 - app.services.storage - ERROR - S3 connection test failed - SSL validation failed for https://b8e6b402a936cb88ee5b82fce7b5d179.r2.cloudflarestorage.com/advantech-test [SSL: CERTIFICATE_VERIFY_FAILED] certificate verify failed: self-signed certificate in certificate chain (_ssl.c:1016)
2025-10-21 11:41:42,246 - app.main - INFO - Shutting down application
2025-10-21 11:41:43,112 - root - INFO - Logging configured successfully
2025-10-21 11:41:43,112 - app.main - INFO - Starting Edge Impulse Plugin v0.0.1
2025-10-21 11:41:43,113 - app.main - INFO - Environment: development
2025-10-21 11:41:43,113 - app.main - INFO - S3 Endpoint: https://b8e6b402a936cb88ee5b82fce7b5d179.r2.cloudflarestorage.com
2025-10-21 11:41:43,113 - app.main - INFO - S3 Bucket: advantech-test
2025-10-21 13:08:32,914 - app.services.storage - INFO - S3 client initialized - Endpoint: https://b8e6b402a936cb88ee5b82fce7b5d179.r2.cloudflarestorage.com, Bucket: advantech-test
2025-10-21 13:08:39,288 - app.services.storage - ERROR - S3 connection test failed - SSL validation failed for https://b8e6b402a936cb88ee5b82fce7b5d179.r2.cloudflarestorage.com/advantech-test [SSL: CERTIFICATE_VERIFY_FAILED] certificate verify failed: self-signed certificate in certificate chain (_ssl.c:1016)
2025-10-21 13:09:15,281 - app.main - INFO - Shutting down application
2025-10-21 13:09:23,594 - root - INFO - Logging configured successfully
2025-10-21 13:09:23,595 - app.main - INFO - Starting Edge Impulse Plugin v0.0.1
2025-10-21 13:09:23,595 - app.main - INFO - Environment: development
2025-10-21 13:09:23,595 - app.main - INFO - S3 Endpoint: https://b8e6b402a936cb88ee5b82fce7b5d179.r2.cloudflarestorage.com
2025-10-21 13:09:23,595 - app.main - INFO - S3 Bucket: advantech-test
2025-10-21 13:09:33,443 - app.services.storage - INFO - S3 client initialized - Endpoint: https://b8e6b402a936cb88ee5b82fce7b5d179.r2.cloudflarestorage.com, Bucket: advantech-test
2025-10-21 13:09:33,658 - app.services.storage - INFO - S3 connection test successful - Bucket: advantech-test
2025-10-22 13:17:20,211 - app.services.storage - INFO - S3 connection test successful - Bucket: advantech-test
2025-10-22 13:23:26,672 - app.main - INFO - Shutting down application
2025-10-22 13:23:29,765 - root - INFO - Logging configured successfully
2025-10-22 13:23:29,765 - app.main - INFO - Starting Edge Impulse Plugin v0.0.1
2025-10-22 13:23:29,766 - app.main - INFO - Environment: development
2025-10-22 13:23:29,766 - app.main - INFO - S3 Endpoint: https://b8e6b402a936cb88ee5b82fce7b5d179.r2.cloudflarestorage.com
2025-10-22 13:23:29,766 - app.main - INFO - S3 Bucket: advantech-test
2025-10-22 13:35:07,998 - app.main - INFO - Shutting down application
2025-10-22 13:35:09,619 - root - INFO - Logging configured successfully
2025-10-22 13:35:09,619 - app.main - INFO - Starting Edge Impulse Plugin v0.0.1
2025-10-22 13:35:09,619 - app.main - INFO - Environment: development
2025-10-22 13:35:09,619 - app.main - INFO - S3 Endpoint: https://b8e6b402a936cb88ee5b82fce7b5d179.r2.cloudflarestorage.com
2025-10-22 13:35:09,620 - app.main - INFO - S3 Bucket: advantech-test
2025-10-22 13:36:17,085 - app.main - INFO - Shutting down application
2025-10-22 13:39:07,621 - root - INFO - Logging configured successfully
2025-10-22 13:39:07,621 - app.main - INFO - Starting Edge Impulse Plugin v0.0.1
2025-10-22 13:39:07,622 - app.main - INFO - Environment: development
2025-10-22 13:39:07,622 - app.main - INFO - S3 Endpoint: https://b8e6b402a936cb88ee5b82fce7b5d179.r2.cloudflarestorage.com
2025-10-22 13:39:07,622 - app.main - INFO - S3 Bucket: advantech-test
2025-10-22 13:40:34,149 - app.main - INFO - Shutting down application
2025-10-22 13:40:34,980 - root - INFO - Logging configured successfully
2025-10-22 13:40:34,981 - app.main - INFO - Starting Edge Impulse Plugin v0.0.1
2025-10-22 13:40:34,981 - app.main - INFO - Environment: development
2025-10-22 13:40:34,981 - app.main - INFO - S3 Endpoint: https://b8e6b402a936cb88ee5b82fce7b5d179.r2.cloudflarestorage.com
2025-10-22 13:40:34,982 - app.main - INFO - S3 Bucket: advantech-test
2025-10-22 13:40:42,212 - app.main - INFO - Shutting down application
2025-10-22 13:40:43,019 - root - INFO - Logging configured successfully
2025-10-22 13:40:43,019 - app.main - INFO - Starting Edge Impulse Plugin v0.0.1
2025-10-22 13:40:43,020 - app.main - INFO - Environment: development
2025-10-22 13:40:43,020 - app.main - INFO - S3 Endpoint: https://b8e6b402a936cb88ee5b82fce7b5d179.r2.cloudflarestorage.com
2025-10-22 13:40:43,020 - app.main - INFO - S3 Bucket: advantech-test
2025-10-22 13:40:58,644 - app.main - INFO - Shutting down application
2025-10-22 13:40:59,486 - root - INFO - Logging configured successfully
2025-10-22 13:40:59,486 - app.main - INFO - Starting Edge Impulse Plugin v0.0.1
2025-10-22 13:40:59,486 - app.main - INFO - Environment: development
2025-10-22 13:40:59,486 - app.main - INFO - S3 Endpoint: https://b8e6b402a936cb88ee5b82fce7b5d179.r2.cloudflarestorage.com
2025-10-22 13:40:59,487 - app.main - INFO - S3 Bucket: advantech-test
2025-10-22 14:19:34,613 - app.main - INFO - Shutting down application
2025-10-22 14:19:36,246 - root - INFO - Logging configured successfully
2025-10-22 14:19:36,247 - app.main - INFO - Starting Edge Impulse Plugin v0.0.1
2025-10-22 14:19:36,247 - app.main - INFO - Environment: development
2025-10-22 14:19:36,247 - app.main - INFO - S3 Endpoint: https://b8e6b402a936cb88ee5b82fce7b5d179.r2.cloudflarestorage.com
2025-10-22 14:19:36,247 - app.main - INFO - S3 Bucket: advantech-test
2025-10-22 14:23:06,671 - app.services.storage - INFO - S3 client initialized - Endpoint: https://b8e6b402a936cb88ee5b82fce7b5d179.r2.cloudflarestorage.com, Bucket: advantech-test
2025-10-22 14:23:06,961 - app.services.storage - INFO - S3 connection test successful - Bucket: advantech-test
2025-10-22 14:25:47,860 - app.main - INFO - Shutting down application
2025-10-22 14:25:48,749 - root - INFO - Logging configured successfully
2025-10-22 14:25:48,749 - app.main - INFO - Starting Edge Impulse Plugin v0.0.1
2025-10-22 14:25:48,750 - app.main - INFO - Environment: development
2025-10-22 14:25:48,750 - app.main - INFO - S3 Endpoint: https://b8e6b402a936cb88ee5b82fce7b5d179.r2.cloudflarestorage.com
2025-10-22 14:25:48,750 - app.main - INFO - S3 Bucket: advantech-test
2025-10-22 14:25:51,109 - app.services.storage - INFO - S3 client initialized - Endpoint: https://b8e6b402a936cb88ee5b82fce7b5d179.r2.cloudflarestorage.com, Bucket: advantech-test
2025-10-22 14:26:43,376 - app.main - INFO - Shutting down application
2025-10-22 14:26:59,103 - root - INFO - Logging configured successfully
2025-10-22 14:26:59,103 - app.main - INFO - Starting Edge Impulse Plugin v0.0.1
2025-10-22 14:26:59,103 - app.main - INFO - Environment: development
2025-10-22 14:26:59,104 - app.main - INFO - S3 Endpoint: https://b8e6b402a936cb88ee5b82fce7b5d179.r2.cloudflarestorage.com
2025-10-22 14:26:59,104 - app.main - INFO - S3 Bucket: advantech-test
2025-10-22 14:26:59,297 - app.services.storage - INFO - S3 client initialized - Endpoint: https://b8e6b402a936cb88ee5b82fce7b5d179.r2.cloudflarestorage.com, Bucket: advantech-test
2025-10-22 14:29:22,474 - app.main - INFO - Shutting down application
2025-10-22 14:29:23,309 - root - INFO - Logging configured successfully
2025-10-22 14:29:23,309 - app.main - INFO - Starting Edge Impulse Plugin v0.0.1
2025-10-22 14:29:23,309 - app.main - INFO - Environment: development
2025-10-22 14:29:23,310 - app.main - INFO - S3 Endpoint: https://b8e6b402a936cb88ee5b82fce7b5d179.r2.cloudflarestorage.com
2025-10-22 14:29:23,310 - app.main - INFO - S3 Bucket: advantech-test
2025-10-22 14:29:31,126 - app.services.storage - INFO - S3 client initialized - Endpoint: https://b8e6b402a936cb88ee5b82fce7b5d179.r2.cloudflarestorage.com, Bucket: advantech-test
2025-10-22 14:29:31,126 - app.api.storage_routes - ERROR - Failed to get storage config: 'S3StorageClient' object has no attribute 'S3_ACCESS_KEY'
2025-10-22 14:31:08,826 - app.main - INFO - Shutting down application
2025-10-22 14:31:09,702 - root - INFO - Logging configured successfully
2025-10-22 14:31:09,702 - app.main - INFO - Starting Edge Impulse Plugin v0.0.1
2025-10-22 14:31:09,702 - app.main - INFO - Environment: development
2025-10-22 14:31:09,702 - app.main - INFO - S3 Endpoint: https://b8e6b402a936cb88ee5b82fce7b5d179.r2.cloudflarestorage.com
2025-10-22 14:31:09,703 - app.main - INFO - S3 Bucket: advantech-test
2025-10-22 14:32:32,692 - app.main - INFO - Shutting down application
2025-10-22 14:32:33,474 - root - INFO - Logging configured successfully
2025-10-22 14:32:33,475 - app.main - INFO - Starting Edge Impulse Plugin v0.0.1
2025-10-22 14:32:33,475 - app.main - INFO - Environment: development
2025-10-22 14:32:33,475 - app.main - INFO - S3 Endpoint: https://b8e6b402a936cb88ee5b82fce7b5d179.r2.cloudflarestorage.com
2025-10-22 14:32:33,475 - app.main - INFO - S3 Bucket: advantech-test
2025-10-22 14:32:52,527 - app.main - INFO - Shutting down application
2025-10-22 14:32:53,321 - root - INFO - Logging configured successfully
2025-10-22 14:32:53,322 - app.main - INFO - Starting Edge Impulse Plugin v0.0.1
2025-10-22 14:32:53,322 - app.main - INFO - Environment: development
2025-10-22 14:32:53,322 - app.main - INFO - S3 Endpoint: https://b8e6b402a936cb88ee5b82fce7b5d179.r2.cloudflarestorage.com
2025-10-22 14:32:53,322 - app.main - INFO - S3 Bucket: advantech-test
2025-10-22 14:32:56,502 - app.services.storage - INFO - S3 client initialized - Endpoint: https://b8e6b402a936cb88ee5b82fce7b5d179.r2.cloudflarestorage.com, Bucket: advantech-test
2025-10-22 14:33:15,156 - app.main - INFO - Shutting down application
2025-10-22 14:33:16,037 - root - INFO - Logging configured successfully
2025-10-22 14:33:16,037 - app.main - INFO - Starting Edge Impulse Plugin v0.0.1
2025-10-22 14:33:16,037 - app.main - INFO - Environment: development
2025-10-22 14:33:16,037 - app.main - INFO - S3 Endpoint: https://b8e6b402a936cb88ee5b82fce7b5d179.r2.cloudflarestorage.com
2025-10-22 14:33:16,037 - app.main - INFO - S3 Bucket: advantech-test
2025-10-22 14:33:17,608 - app.services.storage - INFO - S3 client initialized - Endpoint: https://b8e6b402a936cb88ee5b82fce7b5d179.r2.cloudflarestorage.com, Bucket: advantech-test
2025-10-22 14:34:08,918 - app.services.storage - INFO - Listed 5 files from S3 - Prefix: 
2025-10-22 14:34:28,046 - app.services.storage - INFO - Listed 2 files from S3 - Prefix: anomaly
2025-10-22 14:42:53,533 - app.services.storage - WARNING - File not found: anomaly/demo.jso
2025-10-22 14:43:51,368 - app.services.storage - INFO - File deleted successfully - S3 key: 123
2025-10-22 14:44:32,717 - app.services.storage - INFO - File deleted successfully - S3 key: anomaly/demo.json22
2025-10-22 14:46:01,566 - app.main - INFO - Shutting down application
2025-10-22 14:46:02,424 - root - INFO - Logging configured successfully
2025-10-22 14:46:02,424 - app.main - INFO - Starting Edge Impulse Plugin v0.0.1
2025-10-22 14:46:02,424 - app.main - INFO - Environment: development
2025-10-22 14:46:02,425 - app.main - INFO - S3 Endpoint: https://b8e6b402a936cb88ee5b82fce7b5d179.r2.cloudflarestorage.com
2025-10-22 14:46:02,425 - app.main - INFO - S3 Bucket: advantech-test
2025-10-22 14:46:31,385 - app.services.storage - INFO - S3 client initialized - Endpoint: https://b8e6b402a936cb88ee5b82fce7b5d179.r2.cloudflarestorage.com, Bucket: advantech-test
2025-10-22 14:46:31,636 - app.services.storage - INFO - File deleted successfully - S3 key: anomaly/demo.json
2025-10-22 14:47:18,246 - app.services.storage - WARNING - File not found: 123/url
2025-10-22 14:49:24,341 - app.services.storage - WARNING - File not found: anomaly/demo.json/url
2025-10-22 14:50:16,933 - app.main - INFO - Shutting down application
2025-10-22 14:50:18,624 - root - INFO - Logging configured successfully
2025-10-22 14:50:18,624 - app.main - INFO - Starting Edge Impulse Plugin v0.0.1
2025-10-22 14:50:18,624 - app.main - INFO - Environment: development
2025-10-22 14:50:18,624 - app.main - INFO - S3 Endpoint: https://b8e6b402a936cb88ee5b82fce7b5d179.r2.cloudflarestorage.com
2025-10-22 14:50:18,624 - app.main - INFO - S3 Bucket: advantech-test
2025-10-22 15:04:07,862 - app.main - INFO - Shutting down application
2025-10-22 15:04:08,718 - root - INFO - Logging configured successfully
2025-10-22 15:04:08,718 - app.main - INFO - Starting Edge Impulse Plugin v0.0.1
2025-10-22 15:04:08,718 - app.main - INFO - Environment: development
2025-10-22 15:04:08,719 - app.main - INFO - S3 Endpoint: https://b8e6b402a936cb88ee5b82fce7b5d179.r2.cloudflarestorage.com
2025-10-22 15:04:08,719 - app.main - INFO - S3 Bucket: advantech-test
2025-10-22 15:04:13,979 - app.services.storage - INFO - S3 client initialized - Endpoint: https://b8e6b402a936cb88ee5b82fce7b5d179.r2.cloudflarestorage.com, Bucket: advantech-test
2025-10-22 15:04:14,224 - app.services.storage - INFO - S3 connection test successful - Bucket: advantech-test
2025-10-22 15:06:09,277 - app.main - INFO - Shutting down application
2025-10-22 15:06:10,097 - root - INFO - Logging configured successfully
2025-10-22 15:06:10,097 - app.main - INFO - Starting Edge Impulse Plugin v0.0.1
2025-10-22 15:06:10,097 - app.main - INFO - Environment: development
2025-10-22 15:06:10,097 - app.main - INFO - S3 Endpoint: https://b8e6b402a936cb88ee5b82fce7b5d179.r2.cloudflarestorage.com
2025-10-22 15:06:10,097 - app.main - INFO - S3 Bucket: advantech-test
2025-10-22 15:06:22,295 - app.services.storage - INFO - S3 client initialized - Endpoint: https://b8e6b402a936cb88ee5b82fce7b5d179.r2.cloudflarestorage.com, Bucket: advantech-test
2025-10-22 15:06:23,047 - app.services.storage - INFO - Listed 5 files from S3 - Prefix: 
2025-10-22 15:07:07,660 - app.main - INFO - Shutting down application
2025-10-22 15:07:08,487 - root - INFO - Logging configured successfully
2025-10-22 15:07:08,487 - app.main - INFO - Starting Edge Impulse Plugin v0.0.1
2025-10-22 15:07:08,487 - app.main - INFO - Environment: development
2025-10-22 15:07:08,487 - app.main - INFO - S3 Endpoint: https://b8e6b402a936cb88ee5b82fce7b5d179.r2.cloudflarestorage.com
2025-10-22 15:07:08,487 - app.main - INFO - S3 Bucket: advantech-test
2025-10-22 15:07:49,377 - app.api.converter_routes - INFO - Received conversion request - Device: sensor_001, Type: accelerometer
2025-10-22 15:07:49,378 - app.services.converter - INFO - Starting conversion for device: sensor_001
2025-10-22 15:07:49,378 - app.services.converter - INFO - Converted to JSON format - Size: 695 bytes
2025-10-22 15:07:49,378 - app.api.converter_routes - INFO - Data converted successfully - Filename: accelerometer_idle_1761116869378.json, Size: 695 bytes
2025-10-22 15:07:49,527 - app.services.storage - INFO - S3 client initialized - Endpoint: https://b8e6b402a936cb88ee5b82fce7b5d179.r2.cloudflarestorage.com, Bucket: advantech-test
2025-10-22 15:07:50,073 - app.services.storage - INFO - File uploaded successfully - S3 key: /accelerometer_idle_1761116869378.json, Size: 695 bytes
2025-10-22 15:07:50,073 - app.api.converter_routes - INFO - File uploaded successfully - S3 key: /accelerometer_idle_1761116869378.json
2025-10-22 15:20:51,040 - app.main - INFO - Shutting down application
2025-10-22 15:21:48,092 - root - INFO - Logging configured successfully
2025-10-22 15:21:48,092 - app.main - INFO - Starting Edge Impulse Plugin v0.0.1
2025-10-22 15:21:48,092 - app.main - INFO - Environment: development
2025-10-22 15:21:48,092 - app.main - INFO - S3 Endpoint: https://b8e6b402a936cb88ee5b82fce7b5d179.r2.cloudflarestorage.com
2025-10-22 15:21:48,092 - app.main - INFO - S3 Bucket: advantech-test
2025-10-22 15:21:53,806 - app.api.converter_routes - INFO - Received conversion request - Device: sensor_001, Type: accelerometer
2025-10-22 15:21:53,806 - app.services.converter - INFO - Starting conversion for device: sensor_001
2025-10-22 15:21:53,806 - app.services.converter - INFO - Converted to JSON format - Size: 695 bytes
2025-10-22 15:21:53,806 - app.api.converter_routes - INFO - Data converted successfully - Filename: accelerometer_idle_1761117713806.json, Size: 695 bytes
2025-10-22 15:21:54,020 - app.services.storage - INFO - S3 client initialized - Endpoint: https://b8e6b402a936cb88ee5b82fce7b5d179.r2.cloudflarestorage.com, Bucket: advantech-test
2025-10-22 15:21:54,454 - app.services.storage - INFO - File uploaded successfully - S3 key: advantech-test/advantech-test\accelerometer_idle_1761117713806.json, Size: 695 bytes
2025-10-22 15:21:54,454 - app.api.converter_routes - INFO - File uploaded successfully - S3 key: advantech-test/advantech-test\accelerometer_idle_1761117713806.json
2025-10-22 15:23:43,585 - app.main - INFO - Shutting down application
2025-10-22 15:23:44,405 - root - INFO - Logging configured successfully
2025-10-22 15:23:44,405 - app.main - INFO - Starting Edge Impulse Plugin v0.0.1
2025-10-22 15:23:44,406 - app.main - INFO - Environment: development
2025-10-22 15:23:44,406 - app.main - INFO - S3 Endpoint: https://b8e6b402a936cb88ee5b82fce7b5d179.r2.cloudflarestorage.com
2025-10-22 15:23:44,406 - app.main - INFO - S3 Bucket: advantech-test
2025-10-22 15:23:48,354 - app.api.converter_routes - INFO - Received conversion request - Device: sensor_001, Type: accelerometer
2025-10-22 15:23:48,355 - app.services.converter - INFO - Starting conversion for device: sensor_001
2025-10-22 15:23:48,355 - app.services.converter - INFO - Converted to JSON format - Size: 695 bytes
2025-10-22 15:23:48,356 - app.api.converter_routes - INFO - Data converted successfully - Filename: accelerometer_idle_1761117828355.json, Size: 695 bytes
2025-10-22 15:23:48,538 - app.services.storage - INFO - S3 client initialized - Endpoint: https://b8e6b402a936cb88ee5b82fce7b5d179.r2.cloudflarestorage.com, Bucket: advantech-test
2025-10-22 15:23:48,656 - app.services.storage - ERROR - S3 upload failed - SignatureDoesNotMatch: The request signature we calculated does not match the signature you provided. Check your secret access key and signing method.
2025-10-22 15:23:48,656 - app.api.converter_routes - ERROR - Conversion/upload failed: S3 upload failed: SignatureDoesNotMatch - The request signature we calculated does not match the signature you provided. Check your secret access key and signing method.
2025-10-22 15:24:40,957 - app.main - INFO - Shutting down application
2025-10-22 15:26:32,066 - root - INFO - Logging configured successfully
2025-10-22 15:26:32,066 - app.main - INFO - Starting Edge Impulse Plugin v0.0.1
2025-10-22 15:26:32,066 - app.main - INFO - Environment: development
2025-10-22 15:26:32,066 - app.main - INFO - S3 Endpoint: https://b8e6b402a936cb88ee5b82fce7b5d179.r2.cloudflarestorage.com
2025-10-22 15:26:32,067 - app.main - INFO - S3 Bucket: advantech-test
2025-10-22 15:30:48,028 - root - INFO - Logging configured successfully
2025-10-22 15:30:48,028 - app.main - INFO - Starting Edge Impulse Plugin v0.0.1
2025-10-22 15:30:48,028 - app.main - INFO - Environment: production
2025-10-22 15:30:48,029 - app.main - INFO - S3 Endpoint: https://b8e6b402a936cb88ee5b82fce7b5d179.r2.cloudflarestorage.com
2025-10-22 15:30:48,029 - app.main - INFO - S3 Bucket: advantech-test
2025-10-22 15:30:48,030 - app.main - INFO - Shutting down application
2025-10-22 15:31:06,849 - root - INFO - Logging configured successfully
2025-10-22 15:31:06,849 - app.main - INFO - Starting Edge Impulse Plugin v0.0.1
2025-10-22 15:31:06,849 - app.main - INFO - Environment: production
2025-10-22 15:31:06,849 - app.main - INFO - S3 Endpoint: https://b8e6b402a936cb88ee5b82fce7b5d179.r2.cloudflarestorage.com
2025-10-22 15:31:06,850 - app.main - INFO - S3 Bucket: advantech-test
2025-10-22 15:31:06,850 - app.main - INFO - Shutting down application
2025-10-22 15:33:09,574 - root - INFO - Logging configured successfully
2025-10-22 15:33:09,574 - app.main - INFO - Starting Edge Impulse Plugin v0.0.1
2025-10-22 15:33:09,574 - app.main - INFO - Environment: development
2025-10-22 15:33:09,574 - app.main - INFO - S3 Endpoint: https://b8e6b402a936cb88ee5b82fce7b5d179.r2.cloudflarestorage.com
2025-10-22 15:33:09,575 - app.main - INFO - S3 Bucket: advantech-test
2025-10-22 15:33:46,952 - app.services.storage - INFO - S3 client initialized - Endpoint: https://b8e6b402a936cb88ee5b82fce7b5d179.r2.cloudflarestorage.com, Bucket: advantech-test
2025-10-22 15:33:47,236 - app.services.storage - INFO - S3 connection test successful - Bucket: advantech-test
2025-10-22 15:34:14,816 - app.api.converter_routes - INFO - Received conversion request - Device: sensor_001, Type: accelerometer
2025-10-22 15:34:14,816 - app.services.converter - INFO - Starting conversion for device: sensor_001
2025-10-22 15:34:14,816 - app.services.converter - INFO - Converted to JSON format - Size: 695 bytes
2025-10-22 15:34:14,817 - app.api.converter_routes - INFO - Data converted successfully - Filename: accelerometer_idle_1761118454816.json, Size: 695 bytes
2025-10-22 15:34:14,904 - app.services.storage - ERROR - S3 upload failed - SignatureDoesNotMatch: The request signature we calculated does not match the signature you provided. Check your secret access key and signing method.
2025-10-22 15:34:14,904 - app.api.converter_routes - ERROR - Conversion/upload failed: S3 upload failed: SignatureDoesNotMatch - The request signature we calculated does not match the signature you provided. Check your secret access key and signing method.
2025-10-22 15:34:34,575 - app.services.storage - INFO - S3 connection test successful - Bucket: advantech-test
2025-10-22 15:34:44,226 - app.main - INFO - Shutting down application
2025-10-22 15:34:45,085 - root - INFO - Logging configured successfully
2025-10-22 15:34:45,085 - app.main - INFO - Starting Edge Impulse Plugin v0.0.1
2025-10-22 15:34:45,086 - app.main - INFO - Environment: development
2025-10-22 15:34:45,086 - app.main - INFO - S3 Endpoint: https://b8e6b402a936cb88ee5b82fce7b5d179.r2.cloudflarestorage.com
2025-10-22 15:34:45,086 - app.main - INFO - S3 Bucket: advantech-test
2025-10-22 15:35:07,100 - app.api.converter_routes - INFO - Received conversion request - Device: sensor_001, Type: accelerometer
2025-10-22 15:35:07,101 - app.services.converter - INFO - Starting conversion for device: sensor_001
2025-10-22 15:35:07,101 - app.services.converter - INFO - Converted to JSON format - Size: 695 bytes
2025-10-22 15:35:07,101 - app.api.converter_routes - INFO - Data converted successfully - Filename: accelerometer_idle_1761118507101.json, Size: 695 bytes
2025-10-22 15:35:07,272 - app.services.storage - INFO - S3 client initialized - Endpoint: https://b8e6b402a936cb88ee5b82fce7b5d179.r2.cloudflarestorage.com, Bucket: advantech-test
2025-10-22 15:35:07,405 - app.services.storage - ERROR - S3 upload failed - SignatureDoesNotMatch: The request signature we calculated does not match the signature you provided. Check your secret access key and signing method.
2025-10-22 15:35:07,405 - app.api.converter_routes - ERROR - Conversion/upload failed: S3 upload failed: SignatureDoesNotMatch - The request signature we calculated does not match the signature you provided. Check your secret access key and signing method.
2025-10-22 15:35:58,568 - app.api.converter_routes - INFO - Received conversion request - Device: sensor_001, Type: accelerometer
2025-10-22 15:35:58,568 - app.services.converter - INFO - Starting conversion for device: sensor_001
2025-10-22 15:35:58,568 - app.services.converter - INFO - Converted to JSON format - Size: 697 bytes
2025-10-22 15:35:58,568 - app.api.converter_routes - INFO - Data converted successfully - Filename: accelerometer_idle_1761118558568.json, Size: 697 bytes
2025-10-22 15:35:58,610 - app.services.storage - ERROR - S3 upload failed - SignatureDoesNotMatch: The request signature we calculated does not match the signature you provided. Check your secret access key and signing method.
2025-10-22 15:35:58,611 - app.api.converter_routes - ERROR - Conversion/upload failed: S3 upload failed: SignatureDoesNotMatch - The request signature we calculated does not match the signature you provided. Check your secret access key and signing method.
2025-10-22 15:37:12,096 - app.main - INFO - Shutting down application
2025-10-22 15:37:13,005 - root - INFO - Logging configured successfully
2025-10-22 15:37:13,005 - app.main - INFO - Starting Edge Impulse Plugin v0.0.1
2025-10-22 15:37:13,005 - app.main - INFO - Environment: development
2025-10-22 15:37:13,005 - app.main - INFO - S3 Endpoint: https://b8e6b402a936cb88ee5b82fce7b5d179.r2.cloudflarestorage.com
2025-10-22 15:37:13,006 - app.main - INFO - S3 Bucket: advantech-test
2025-10-22 15:37:15,751 - app.api.converter_routes - INFO - Received conversion request - Device: sensor_001, Type: accelerometer
2025-10-22 15:37:15,751 - app.services.converter - INFO - Starting conversion for device: sensor_001
2025-10-22 15:37:15,751 - app.services.converter - INFO - Converted to JSON format - Size: 697 bytes
2025-10-22 15:37:15,751 - app.api.converter_routes - INFO - Data converted successfully - Filename: accelerometer_idle_1761118635751.json, Size: 697 bytes
2025-10-22 15:37:15,900 - app.services.storage - INFO - S3 client initialized - Endpoint: https://b8e6b402a936cb88ee5b82fce7b5d179.r2.cloudflarestorage.com, Bucket: advantech-test
2025-10-22 15:37:16,450 - app.services.storage - INFO - File uploaded successfully - S3 key: /accelerometer_idle_1761118635751.json, Size: 697 bytes
2025-10-22 15:37:16,450 - app.api.converter_routes - INFO - File uploaded successfully - S3 key: /accelerometer_idle_1761118635751.json
2025-10-28 10:52:17,629 - app.main - INFO - Shutting down application
2025-10-28 10:52:19,226 - root - INFO - Logging configured successfully
2025-10-28 10:52:19,226 - app.main - INFO - Starting Edge Impulse Plugin v0.0.1
2025-10-28 10:52:19,226 - app.main - INFO - Environment: development
2025-10-28 10:52:19,226 - app.main - INFO - S3 Endpoint: https://b8e6b402a936cb88ee5b82fce7b5d179.r2.cloudflarestorage.com
2025-10-28 10:52:19,226 - app.main - INFO - S3 Bucket: advantech-test
2025-10-28 10:52:19,689 - app.main - INFO - Shutting down application
